<?xml version="1.0" encoding="UTF-8"?>
<!-- Generated by org.testng.reporters.JUnitReportReporter -->
<testsuite hostname="Shaopings-Air" failures="0" tests="1" name="autoIT.WindowAuthPopUp" time="12.554" errors="0" timestamp="2023-03-24T12:46:33 EDT" skipped="0">
  <testcase classname="autoIT.WindowAuthPopUp" name="testAuth" time="12.554"/>
  <system-out/>
</testsuite> <!-- autoIT.WindowAuthPopUp -->
