<?xml version="1.0" encoding="UTF-8"?>
<!-- Generated by org.testng.reporters.JUnitReportReporter -->
<testsuite hostname="Shaopings-Air.fios-router.home" failures="0" tests="3" name="testNGClassPractice.LearnBeforeAfter" time="0.018" errors="0" timestamp="2023-03-18T12:53:09 EDT" skipped="0">
  <testcase classname="testNGClassPractice.LearnBeforeAfter" name="test2" time="0.008"/>
  <system-out/>
  <testcase classname="testNGClassPractice.LearnBeforeAfter" name="test3" time="0.004"/>
  <system-out/>
  <testcase classname="testNGClassPractice.LearnBeforeAfter" name="test1" time="0.006"/>
  <system-out/>
</testsuite> <!-- testNGClassPractice.LearnBeforeAfter -->
