<?xml version="1.0" encoding="UTF-8"?>
<!-- Generated by org.testng.reporters.JUnitReportReporter -->
<testsuite hostname="Shaopings-Air" failures="0" tests="1" name="regressionSuite.LoginTest" time="4.972" errors="0" timestamp="2023-03-20T23:37:00 EDT" skipped="0">
  <testcase classname="regressionSuite.LoginTest" name="Login" time="4.972"/>
  <system-out/>
</testsuite> <!-- regressionSuite.LoginTest -->
