<?xml version="1.0" encoding="UTF-8"?>
<!-- Generated by org.testng.reporters.JUnitReportReporter -->
<testsuite hostname="Shaopings-Air" failures="0" tests="3" name="regressionSuite.AddEducationMehod" time="43.489" errors="0" timestamp="2023-04-02T09:43:38 EDT" skipped="0">
  <testcase classname="regressionSuite.AddEducationMehod" name="addEducation" time="12.590"/>
  <system-out/>
  <testcase classname="regressionSuite.AddEducationMehod" name="addEducation" time="16.018"/>
  <system-out/>
  <testcase classname="regressionSuite.AddEducationMehod" name="addEducation" time="14.881"/>
  <system-out/>
</testsuite> <!-- regressionSuite.AddEducationMehod -->
