<?xml version="1.0" encoding="UTF-8"?>
<!-- Generated by org.testng.reporters.JUnitReportReporter -->
<testsuite hostname="Shaopings-Air" failures="0" tests="1" name="regressionSuite.CreatPostTest" time="23.485" errors="0" timestamp="2023-04-02T09:43:38 EDT" skipped="0">
  <testcase classname="regressionSuite.CreatPostTest" name="CreatePost" time="23.485"/>
  <system-out/>
</testsuite> <!-- regressionSuite.CreatPostTest -->
