<?xml version="1.0" encoding="UTF-8"?>
<!-- Generated by org.testng.reporters.JUnitReportReporter -->
<testsuite hostname="Shaopings-Air" failures="0" tests="1" name="uploadFiles.UploadFilesUsingRobotClass" time="25.705" errors="0" timestamp="2023-03-24T22:59:57 EDT" skipped="0">
  <testcase classname="uploadFiles.UploadFilesUsingRobotClass" name="uploadFilesUsingRobotClass" time="25.705"/>
  <system-out/>
</testsuite> <!-- uploadFiles.UploadFilesUsingRobotClass -->
