<?xml version="1.0" encoding="UTF-8"?>
<!-- Generated by org.testng.reporters.JUnitReportReporter -->
<testsuite hostname="Shaopings-Air.fios-router.home" failures="0" tests="3" name="testNGClassPractice.LearnBeforeAfter2" time="0.042" errors="0" timestamp="2023-03-18T12:53:09 EDT" skipped="0">
  <testcase classname="testNGClassPractice.LearnBeforeAfter2" name="test1" time="0.027"/>
  <system-out/>
  <testcase classname="testNGClassPractice.LearnBeforeAfter2" name="test2" time="0.011"/>
  <system-out/>
  <testcase classname="testNGClassPractice.LearnBeforeAfter2" name="test3" time="0.004"/>
  <system-out/>
</testsuite> <!-- testNGClassPractice.LearnBeforeAfter2 -->
