<?xml version="1.0" encoding="UTF-8"?>
<!-- Generated by org.testng.reporters.JUnitReportReporter -->
<testsuite hostname="Shaopings-Air" failures="0" tests="3" name="excelDataProvider.dataProvider" time="0.026" errors="0" timestamp="2023-03-22T20:58:40 EDT" skipped="0">
  <testcase classname="excelDataProvider.dataProvider" name="testCaseData" time="0.012"/>
  <system-out/>
  <testcase classname="excelDataProvider.dataProvider" name="testCaseData" time="0.009"/>
  <system-out/>
  <testcase classname="excelDataProvider.dataProvider" name="testCaseData" time="0.005"/>
  <system-out/>
</testsuite> <!-- excelDataProvider.dataProvider -->
